2009-04-07 20:42:24 Warning: Warning (2): include(C:\xampp\hirai\github\mobile_kit\config\bootstrap.php) [<a href='http://php.net/function.include'>function.include</a>]: failed to open stream: No such file or directory in [CORE\cake\libs\configure.php, line 655]
2009-04-07 20:42:24 Warning: Warning (2): include() [<a href='http://php.net/function.include'>function.include</a>]: Failed opening 'C:\xampp\hirai\github\mobile_kit\config\bootstrap.php' for inclusion (include_path='C:\xampp\hirai\github;C:\xampp\hirai\github\mobile_kit\;.;C:\xampp\php\pear\') in [CORE\cake\libs\configure.php, line 655]
2009-04-07 20:42:24 Error: Fatal Error (256): Can't find application bootstrap file. Please create C:\xampp\hirai\github\mobile_kit\config\bootstrap.php, and make sure it is readable by PHP. in [CORE\cake\libs\configure.php, line 656]
2009-04-07 20:43:54 Warning: Warning (512): Cache not configured properly. Please check Cache::config(); in APP/config/core.php in [CORE\cake\libs\configure.php, line 663]
2009-04-07 20:43:54 Warning: Warning (2): array_merge() [<a href='http://php.net/function.array-merge'>function.array-merge</a>]: Argument #1 is not an array in [CORE\cake\libs\configure.php, line 684]
2009-04-07 20:43:54 Warning: Warning (2): array_merge() [<a href='http://php.net/function.array-merge'>function.array-merge</a>]: Argument #1 is not an array in [CORE\cake\libs\configure.php, line 691]
2009-04-07 20:43:54 Warning: Warning (2): include(C:\xampp\hirai\github\mobile_kit\config\routes.php) [<a href='http://php.net/function.include'>function.include</a>]: failed to open stream: No such file or directory in [CORE\cake\dispatcher.php, line 284]
2009-04-07 20:43:54 Warning: Warning (2): include() [<a href='http://php.net/function.include'>function.include</a>]: Failed opening 'C:\xampp\hirai\github\mobile_kit\config\routes.php' for inclusion (include_path='C:\xampp\hirai\github;C:\xampp\hirai\github\mobile_kit\;.;C:\xampp\php\pear\') in [CORE\cake\dispatcher.php, line 284]
2009-04-07 20:44:51 Warning: Warning (512): Cache not configured properly. Please check Cache::config(); in APP/config/core.php in [CORE\cake\libs\configure.php, line 663]
2009-04-07 20:44:51 Warning: Warning (2): array_merge() [<a href='http://php.net/function.array-merge'>function.array-merge</a>]: Argument #1 is not an array in [CORE\cake\libs\configure.php, line 684]
2009-04-07 20:44:51 Warning: Warning (2): array_merge() [<a href='http://php.net/function.array-merge'>function.array-merge</a>]: Argument #1 is not an array in [CORE\cake\libs\configure.php, line 691]
2009-04-07 20:44:52 Warning: Warning (2): include(C:\xampp\hirai\github\mobile_kit\config\routes.php) [<a href='http://php.net/function.include'>function.include</a>]: failed to open stream: No such file or directory in [CORE\cake\dispatcher.php, line 284]
2009-04-07 20:44:52 Warning: Warning (2): include() [<a href='http://php.net/function.include'>function.include</a>]: Failed opening 'C:\xampp\hirai\github\mobile_kit\config\routes.php' for inclusion (include_path='C:\xampp\hirai\github;C:\xampp\hirai\github\mobile_kit\;.;C:\xampp\php\pear\') in [CORE\cake\dispatcher.php, line 284]
2009-04-07 20:45:23 Warning: Warning (512): Cache not configured properly. Please check Cache::config(); in APP/config/core.php in [CORE\cake\libs\configure.php, line 663]
2009-04-07 20:45:23 Warning: Warning (2): array_merge() [<a href='http://php.net/function.array-merge'>function.array-merge</a>]: Argument #1 is not an array in [CORE\cake\libs\configure.php, line 684]
2009-04-07 20:45:23 Warning: Warning (2): array_merge() [<a href='http://php.net/function.array-merge'>function.array-merge</a>]: Argument #1 is not an array in [CORE\cake\libs\configure.php, line 691]
2009-04-07 20:45:24 Warning: Warning (2): include(C:\xampp\hirai\github\mobile_kit\config\routes.php) [<a href='http://php.net/function.include'>function.include</a>]: failed to open stream: No such file or directory in [CORE\cake\dispatcher.php, line 284]
2009-04-07 20:45:24 Warning: Warning (2): include() [<a href='http://php.net/function.include'>function.include</a>]: Failed opening 'C:\xampp\hirai\github\mobile_kit\config\routes.php' for inclusion (include_path='C:\xampp\hirai\github;C:\xampp\hirai\github\mobile_kit\;.;C:\xampp\php\pear\') in [CORE\cake\dispatcher.php, line 284]
2009-04-07 20:46:14 Warning: Warning (512): Cache not configured properly. Please check Cache::config(); in APP/config/core.php in [CORE\cake\libs\configure.php, line 663]
2009-04-07 20:46:14 Warning: Warning (2): array_merge() [<a href='http://php.net/function.array-merge'>function.array-merge</a>]: Argument #1 is not an array in [CORE\cake\libs\configure.php, line 684]
2009-04-07 20:46:14 Warning: Warning (2): array_merge() [<a href='http://php.net/function.array-merge'>function.array-merge</a>]: Argument #1 is not an array in [CORE\cake\libs\configure.php, line 691]
2009-04-07 20:48:27 Warning: Warning (512): Cache not configured properly. Please check Cache::config(); in APP/config/core.php in [CORE\cake\libs\configure.php, line 663]
2009-04-07 20:48:27 Warning: Warning (2): array_merge() [<a href='http://php.net/function.array-merge'>function.array-merge</a>]: Argument #1 is not an array in [CORE\cake\libs\configure.php, line 684]
2009-04-07 20:48:27 Warning: Warning (2): array_merge() [<a href='http://php.net/function.array-merge'>function.array-merge</a>]: Argument #1 is not an array in [CORE\cake\libs\configure.php, line 691]
2009-04-07 20:50:18 Warning: Warning (512): Cache not configured properly. Please check Cache::config(); in APP/config/core.php in [CORE\cake\libs\configure.php, line 663]
2009-04-07 20:50:18 Warning: Warning (2): array_merge() [<a href='http://php.net/function.array-merge'>function.array-merge</a>]: Argument #1 is not an array in [CORE\cake\libs\configure.php, line 684]
2009-04-07 20:50:18 Warning: Warning (2): array_merge() [<a href='http://php.net/function.array-merge'>function.array-merge</a>]: Argument #1 is not an array in [CORE\cake\libs\configure.php, line 691]
2009-04-07 20:50:19 Warning: Warning (512): Cache not configured properly. Please check Cache::config(); in APP/config/core.php in [CORE\cake\libs\configure.php, line 663]
2009-04-07 20:50:19 Warning: Warning (2): array_merge() [<a href='http://php.net/function.array-merge'>function.array-merge</a>]: Argument #1 is not an array in [CORE\cake\libs\configure.php, line 684]
2009-04-07 20:50:19 Warning: Warning (2): array_merge() [<a href='http://php.net/function.array-merge'>function.array-merge</a>]: Argument #1 is not an array in [CORE\cake\libs\configure.php, line 691]
2009-04-07 20:50:20 Warning: Warning (512): Cache not configured properly. Please check Cache::config(); in APP/config/core.php in [CORE\cake\libs\configure.php, line 663]
2009-04-07 20:50:20 Warning: Warning (2): array_merge() [<a href='http://php.net/function.array-merge'>function.array-merge</a>]: Argument #1 is not an array in [CORE\cake\libs\configure.php, line 684]
2009-04-07 20:50:20 Warning: Warning (2): array_merge() [<a href='http://php.net/function.array-merge'>function.array-merge</a>]: Argument #1 is not an array in [CORE\cake\libs\configure.php, line 691]
2009-04-07 20:50:22 Warning: Warning (512): Cache not configured properly. Please check Cache::config(); in APP/config/core.php in [CORE\cake\libs\configure.php, line 663]
2009-04-07 20:50:22 Warning: Warning (2): array_merge() [<a href='http://php.net/function.array-merge'>function.array-merge</a>]: Argument #1 is not an array in [CORE\cake\libs\configure.php, line 684]
2009-04-07 20:50:22 Warning: Warning (2): array_merge() [<a href='http://php.net/function.array-merge'>function.array-merge</a>]: Argument #1 is not an array in [CORE\cake\libs\configure.php, line 691]
2009-04-07 20:50:26 Warning: Warning (512): Cache not configured properly. Please check Cache::config(); in APP/config/core.php in [CORE\cake\libs\configure.php, line 663]
2009-04-07 20:50:26 Warning: Warning (2): array_merge() [<a href='http://php.net/function.array-merge'>function.array-merge</a>]: Argument #1 is not an array in [CORE\cake\libs\configure.php, line 684]
2009-04-07 20:50:26 Warning: Warning (2): array_merge() [<a href='http://php.net/function.array-merge'>function.array-merge</a>]: Argument #1 is not an array in [CORE\cake\libs\configure.php, line 691]
2009-04-07 20:50:29 Warning: Warning (512): Cache not configured properly. Please check Cache::config(); in APP/config/core.php in [CORE\cake\libs\configure.php, line 663]
2009-04-07 20:50:29 Warning: Warning (2): array_merge() [<a href='http://php.net/function.array-merge'>function.array-merge</a>]: Argument #1 is not an array in [CORE\cake\libs\configure.php, line 684]
2009-04-07 20:50:29 Warning: Warning (2): array_merge() [<a href='http://php.net/function.array-merge'>function.array-merge</a>]: Argument #1 is not an array in [CORE\cake\libs\configure.php, line 691]
2009-04-07 20:50:36 Warning: Warning (512): Cache not configured properly. Please check Cache::config(); in APP/config/core.php in [CORE\cake\libs\configure.php, line 663]
2009-04-07 20:50:36 Warning: Warning (2): array_merge() [<a href='http://php.net/function.array-merge'>function.array-merge</a>]: Argument #1 is not an array in [CORE\cake\libs\configure.php, line 684]
2009-04-07 20:50:36 Warning: Warning (2): array_merge() [<a href='http://php.net/function.array-merge'>function.array-merge</a>]: Argument #1 is not an array in [CORE\cake\libs\configure.php, line 691]
2009-04-07 20:50:51 Warning: Warning (512): Cache not configured properly. Please check Cache::config(); in APP/config/core.php in [CORE\cake\libs\configure.php, line 663]
2009-04-07 20:50:51 Warning: Warning (2): array_merge() [<a href='http://php.net/function.array-merge'>function.array-merge</a>]: Argument #1 is not an array in [CORE\cake\libs\configure.php, line 684]
2009-04-07 20:50:51 Warning: Warning (2): array_merge() [<a href='http://php.net/function.array-merge'>function.array-merge</a>]: Argument #1 is not an array in [CORE\cake\libs\configure.php, line 691]
2009-04-07 20:52:20 Warning: Warning (512): Cache not configured properly. Please check Cache::config(); in APP/config/core.php in [CORE\cake\libs\configure.php, line 663]
2009-04-07 20:52:20 Warning: Warning (2): array_merge() [<a href='http://php.net/function.array-merge'>function.array-merge</a>]: Argument #1 is not an array in [CORE\cake\libs\configure.php, line 684]
2009-04-07 20:52:20 Warning: Warning (2): array_merge() [<a href='http://php.net/function.array-merge'>function.array-merge</a>]: Argument #1 is not an array in [CORE\cake\libs\configure.php, line 691]
2009-04-07 20:52:22 Warning: Warning (512): Cache not configured properly. Please check Cache::config(); in APP/config/core.php in [CORE\cake\libs\configure.php, line 663]
2009-04-07 20:52:22 Warning: Warning (2): array_merge() [<a href='http://php.net/function.array-merge'>function.array-merge</a>]: Argument #1 is not an array in [CORE\cake\libs\configure.php, line 684]
2009-04-07 20:52:22 Warning: Warning (2): array_merge() [<a href='http://php.net/function.array-merge'>function.array-merge</a>]: Argument #1 is not an array in [CORE\cake\libs\configure.php, line 691]
2009-04-07 20:52:35 Warning: Warning (512): Cache not configured properly. Please check Cache::config(); in APP/config/core.php in [CORE\cake\libs\configure.php, line 663]
2009-04-07 20:52:35 Warning: Warning (2): array_merge() [<a href='http://php.net/function.array-merge'>function.array-merge</a>]: Argument #1 is not an array in [CORE\cake\libs\configure.php, line 684]
2009-04-07 20:52:35 Warning: Warning (2): array_merge() [<a href='http://php.net/function.array-merge'>function.array-merge</a>]: Argument #1 is not an array in [CORE\cake\libs\configure.php, line 691]
2009-04-07 20:52:46 Warning: Warning (512): Cache not configured properly. Please check Cache::config(); in APP/config/core.php in [CORE\cake\libs\configure.php, line 663]
2009-04-07 20:52:46 Warning: Warning (2): array_merge() [<a href='http://php.net/function.array-merge'>function.array-merge</a>]: Argument #1 is not an array in [CORE\cake\libs\configure.php, line 684]
2009-04-07 20:52:46 Warning: Warning (2): array_merge() [<a href='http://php.net/function.array-merge'>function.array-merge</a>]: Argument #1 is not an array in [CORE\cake\libs\configure.php, line 691]
2009-04-07 20:52:51 Warning: Warning (512): Cache not configured properly. Please check Cache::config(); in APP/config/core.php in [CORE\cake\libs\configure.php, line 663]
2009-04-07 20:52:51 Warning: Warning (2): array_merge() [<a href='http://php.net/function.array-merge'>function.array-merge</a>]: Argument #1 is not an array in [CORE\cake\libs\configure.php, line 684]
2009-04-07 20:52:51 Warning: Warning (2): array_merge() [<a href='http://php.net/function.array-merge'>function.array-merge</a>]: Argument #1 is not an array in [CORE\cake\libs\configure.php, line 691]
2009-04-07 20:53:42 Warning: Warning (512): Cache not configured properly. Please check Cache::config(); in APP/config/core.php in [CORE\cake\libs\configure.php, line 663]
2009-04-07 20:53:42 Warning: Warning (2): array_merge() [<a href='http://php.net/function.array-merge'>function.array-merge</a>]: Argument #1 is not an array in [CORE\cake\libs\configure.php, line 684]
2009-04-07 20:53:42 Warning: Warning (2): array_merge() [<a href='http://php.net/function.array-merge'>function.array-merge</a>]: Argument #1 is not an array in [CORE\cake\libs\configure.php, line 691]
2009-04-07 20:53:45 Warning: Warning (512): Cache not configured properly. Please check Cache::config(); in APP/config/core.php in [CORE\cake\libs\configure.php, line 663]
2009-04-07 20:53:45 Warning: Warning (2): array_merge() [<a href='http://php.net/function.array-merge'>function.array-merge</a>]: Argument #1 is not an array in [CORE\cake\libs\configure.php, line 684]
2009-04-07 20:53:45 Warning: Warning (2): array_merge() [<a href='http://php.net/function.array-merge'>function.array-merge</a>]: Argument #1 is not an array in [CORE\cake\libs\configure.php, line 691]
2009-04-07 20:53:47 Warning: Warning (512): Cache not configured properly. Please check Cache::config(); in APP/config/core.php in [CORE\cake\libs\configure.php, line 663]
2009-04-07 20:53:47 Warning: Warning (2): array_merge() [<a href='http://php.net/function.array-merge'>function.array-merge</a>]: Argument #1 is not an array in [CORE\cake\libs\configure.php, line 684]
2009-04-07 20:53:47 Warning: Warning (2): array_merge() [<a href='http://php.net/function.array-merge'>function.array-merge</a>]: Argument #1 is not an array in [CORE\cake\libs\configure.php, line 691]
